This is pdfTeX, Version 3.14159265-2.6-1.40.18 (TeX Live 2017) (preloaded format=pdflatex 2018.1.29)  17 MAY 2019 08:08
entering extended mode
 restricted \write18 enabled.
 %&-line parsing enabled.
**ps3.tex
(./ps3.tex
LaTeX2e <2017-04-15>
Babel <3.10> and hyphenation patterns for 84 language(s) loaded.
(/usr/local/texlive/2017/texmf-dist/tex/latex/base/article.cls
Document Class: article 2014/09/29 v1.4h Standard LaTeX document class
(/usr/local/texlive/2017/texmf-dist/tex/latex/base/size10.clo
File: size10.clo 2014/09/29 v1.4h Standard LaTeX file (size option)
)
\c@part=\count79
\c@section=\count80
\c@subsection=\count81
\c@subsubsection=\count82
\c@paragraph=\count83
\c@subparagraph=\count84
\c@figure=\count85
\c@table=\count86
\abovecaptionskip=\skip41
\belowcaptionskip=\skip42
\bibindent=\dimen102
)
(/usr/local/texlive/2017/texmf-dist/tex/latex/graphics/graphicx.sty
Package: graphicx 2014/10/28 v1.0g Enhanced LaTeX Graphics (DPC,SPQR)

(/usr/local/texlive/2017/texmf-dist/tex/latex/graphics/keyval.sty
Package: keyval 2014/10/28 v1.15 key=value parser (DPC)
\KV@toks@=\toks14
)
(/usr/local/texlive/2017/texmf-dist/tex/latex/graphics/graphics.sty
Package: graphics 2017/04/14 v1.1b Standard LaTeX Graphics (DPC,SPQR)

(/usr/local/texlive/2017/texmf-dist/tex/latex/graphics/trig.sty
Package: trig 2016/01/03 v1.10 sin cos tan (DPC)
)
(/usr/local/texlive/2017/texmf-dist/tex/latex/graphics-cfg/graphics.cfg
File: graphics.cfg 2016/06/04 v1.11 sample graphics configuration
)
Package graphics Info: Driver file: pdftex.def on input line 99.

(/usr/local/texlive/2017/texmf-dist/tex/latex/graphics-def/pdftex.def
File: pdftex.def 2017/01/12 v0.06k Graphics/color for pdfTeX

(/usr/local/texlive/2017/texmf-dist/tex/generic/oberdiek/infwarerr.sty
Package: infwarerr 2016/05/16 v1.4 Providing info/warning/error messages (HO)
)
(/usr/local/texlive/2017/texmf-dist/tex/generic/oberdiek/ltxcmds.sty
Package: ltxcmds 2016/05/16 v1.23 LaTeX kernel commands for general use (HO)
)
\Gread@gobject=\count87
))
\Gin@req@height=\dimen103
\Gin@req@width=\dimen104
)
(/usr/local/texlive/2017/texmf-dist/tex/latex/caption/caption.sty
Package: caption 2016/02/21 v3.3-144 Customizing captions (AR)

(/usr/local/texlive/2017/texmf-dist/tex/latex/caption/caption3.sty
Package: caption3 2016/05/22 v1.7-166 caption3 kernel (AR)
Package caption3 Info: TeX engine: e-TeX on input line 67.
\captionmargin=\dimen105
\captionmargin@=\dimen106
\captionwidth=\dimen107
\caption@tempdima=\dimen108
\caption@indent=\dimen109
\caption@parindent=\dimen110
\caption@hangindent=\dimen111
)
\c@ContinuedFloat=\count88
)
(/usr/local/texlive/2017/texmf-dist/tex/latex/enumitem/enumitem.sty
Package: enumitem 2011/09/28 v3.5.2 Customized lists
\labelindent=\skip43
\enit@outerparindent=\dimen112
\enit@toks=\toks15
\enit@inbox=\box26
\enitdp@description=\count89
)
(/usr/local/texlive/2017/texmf-dist/tex/latex/oberdiek/epstopdf.sty
Package: epstopdf 2016/05/15 v2.6 Conversion with epstopdf on the fly (HO)

(/usr/local/texlive/2017/texmf-dist/tex/latex/oberdiek/epstopdf-base.sty
Package: epstopdf-base 2016/05/15 v2.6 Base part for package epstopdf

(/usr/local/texlive/2017/texmf-dist/tex/latex/oberdiek/grfext.sty
Package: grfext 2016/05/16 v1.2 Manage graphics extensions (HO)

(/usr/local/texlive/2017/texmf-dist/tex/generic/oberdiek/kvdefinekeys.sty
Package: kvdefinekeys 2016/05/16 v1.4 Define keys (HO)
))
(/usr/local/texlive/2017/texmf-dist/tex/latex/oberdiek/kvoptions.sty
Package: kvoptions 2016/05/16 v3.12 Key value format for package options (HO)

(/usr/local/texlive/2017/texmf-dist/tex/generic/oberdiek/kvsetkeys.sty
Package: kvsetkeys 2016/05/16 v1.17 Key value parser (HO)

(/usr/local/texlive/2017/texmf-dist/tex/generic/oberdiek/etexcmds.sty
Package: etexcmds 2016/05/16 v1.6 Avoid name clashes with e-TeX commands (HO)

(/usr/local/texlive/2017/texmf-dist/tex/generic/oberdiek/ifluatex.sty
Package: ifluatex 2016/05/16 v1.4 Provides the ifluatex switch (HO)
Package ifluatex Info: LuaTeX not detected.
)
Package etexcmds Info: Could not find \expanded.
(etexcmds)             That can mean that you are not using pdfTeX 1.50 or
(etexcmds)             that some package has redefined \expanded.
(etexcmds)             In the latter case, load this package earlier.
)))
(/usr/local/texlive/2017/texmf-dist/tex/generic/oberdiek/pdftexcmds.sty
Package: pdftexcmds 2017/03/19 v0.25 Utility functions of pdfTeX for LuaTeX (HO
)

(/usr/local/texlive/2017/texmf-dist/tex/generic/oberdiek/ifpdf.sty
Package: ifpdf 2017/03/15 v3.2 Provides the ifpdf switch
)
Package pdftexcmds Info: LuaTeX not detected.
Package pdftexcmds Info: \pdf@primitive is available.
Package pdftexcmds Info: \pdf@ifprimitive is available.
Package pdftexcmds Info: \pdfdraftmode found.
)
Package epstopdf-base Info: Redefining graphics rule for `.eps' on input line 4
38.
Package grfext Info: Graphics extension search list:
(grfext)             [.png,.pdf,.jpg,.mps,.jpeg,.jbig2,.jb2,.PNG,.PDF,.JPG,.JPE
G,.JBIG2,.JB2,.eps]
(grfext)             \AppendGraphicsExtensions on input line 456.

(/usr/local/texlive/2017/texmf-dist/tex/latex/latexconfig/epstopdf-sys.cfg
File: epstopdf-sys.cfg 2010/07/13 v1.3 Configuration of (r)epstopdf for TeX Liv
e
)))
(/usr/local/texlive/2017/texmf-dist/tex/latex/caption/subcaption.sty
Package: subcaption 2016/05/22 v1.1-161 Sub-captions (AR)
\c@subfigure=\count90
\c@subtable=\count91
)
(/usr/local/texlive/2017/texmf-dist/tex/latex/psfrag/psfrag.sty
Package: psfrag 1998/04/11 v3.04 PSfrag (MCG)
\pfg@pcount=\count92
\pfg@scount=\count93
\pfg@temp=\write3
)
(/usr/local/texlive/2017/texmf-dist/tex/latex/amsmath/amsmath.sty
Package: amsmath 2016/11/05 v2.16a AMS math features
\@mathmargin=\skip44

For additional information on amsmath, use the `?' option.
(/usr/local/texlive/2017/texmf-dist/tex/latex/amsmath/amstext.sty
Package: amstext 2000/06/29 v2.01 AMS text

(/usr/local/texlive/2017/texmf-dist/tex/latex/amsmath/amsgen.sty
File: amsgen.sty 1999/11/30 v2.0 generic functions
\@emptytoks=\toks16
\ex@=\dimen113
))
(/usr/local/texlive/2017/texmf-dist/tex/latex/amsmath/amsbsy.sty
Package: amsbsy 1999/11/29 v1.2d Bold Symbols
\pmbraise@=\dimen114
)
(/usr/local/texlive/2017/texmf-dist/tex/latex/amsmath/amsopn.sty
Package: amsopn 2016/03/08 v2.02 operator names
)
\inf@bad=\count94
LaTeX Info: Redefining \frac on input line 213.
\uproot@=\count95
\leftroot@=\count96
LaTeX Info: Redefining \overline on input line 375.
\classnum@=\count97
\DOTSCASE@=\count98
LaTeX Info: Redefining \ldots on input line 472.
LaTeX Info: Redefining \dots on input line 475.
LaTeX Info: Redefining \cdots on input line 596.
\Mathstrutbox@=\box27
\strutbox@=\box28
\big@size=\dimen115
LaTeX Font Info:    Redeclaring font encoding OML on input line 712.
LaTeX Font Info:    Redeclaring font encoding OMS on input line 713.
\macc@depth=\count99
\c@MaxMatrixCols=\count100
\dotsspace@=\muskip10
\c@parentequation=\count101
\dspbrk@lvl=\count102
\tag@help=\toks17
\row@=\count103
\column@=\count104
\maxfields@=\count105
\andhelp@=\toks18
\eqnshift@=\dimen116
\alignsep@=\dimen117
\tagshift@=\dimen118
\tagwidth@=\dimen119
\totwidth@=\dimen120
\lineht@=\dimen121
\@envbody=\toks19
\multlinegap=\skip45
\multlinetaggap=\skip46
\mathdisplay@stack=\toks20
LaTeX Info: Redefining \[ on input line 2817.
LaTeX Info: Redefining \] on input line 2818.
)
(/usr/local/texlive/2017/texmf-dist/tex/latex/amsfonts/amssymb.sty
Package: amssymb 2013/01/14 v3.01 AMS font symbols

(/usr/local/texlive/2017/texmf-dist/tex/latex/amsfonts/amsfonts.sty
Package: amsfonts 2013/01/14 v3.01 Basic AMSFonts support
\symAMSa=\mathgroup4
\symAMSb=\mathgroup5
LaTeX Font Info:    Overwriting math alphabet `\mathfrak' in version `bold'
(Font)                  U/euf/m/n --> U/euf/b/n on input line 106.
))
(/usr/local/texlive/2017/texmf-dist/tex/generic/epsf/epsf.sty
This is `epsf.tex' v2.7.4 <14 February 2011>
\epsffilein=\read1
\epsfframemargin=\dimen122
\epsfframethickness=\dimen123
\epsfrsize=\dimen124
\epsftmp=\dimen125
\epsftsize=\dimen126
\epsfxsize=\dimen127
\epsfysize=\dimen128
\pspoints=\dimen129
) (/usr/local/texlive/2017/texmf-dist/tex/latex/tools/verbatim.sty
Package: verbatim 2014/10/28 v1.5q LaTeX2e package for verbatim enhancements
\every@verbatim=\toks21
\verbatim@line=\toks22
\verbatim@in@stream=\read2
)
(/usr/local/texlive/2017/texmf-dist/tex/latex/url/url.sty
\Urlmuskip=\muskip11
Package: url 2013/09/16  ver 3.4  Verb mode for urls, etc.
)
(/usr/local/texlive/2017/texmf-dist/tex/latex/graphics/color.sty
Package: color 2016/07/10 v1.1e Standard LaTeX Color (DPC)

(/usr/local/texlive/2017/texmf-dist/tex/latex/graphics-cfg/color.cfg
File: color.cfg 2016/01/02 v1.6 sample color configuration
)
Package color Info: Driver file: pdftex.def on input line 147.
)
(/usr/local/texlive/2017/texmf-dist/tex/latex/bbm-macros/bbm.sty
Package: bbm 1999/03/15 V 1.2 provides fonts for set symbols - TH
LaTeX Font Info:    Overwriting math alphabet `\mathbbm' in version `bold'
(Font)                  U/bbm/m/n --> U/bbm/bx/n on input line 33.
LaTeX Font Info:    Overwriting math alphabet `\mathbbmss' in version `bold'
(Font)                  U/bbmss/m/n --> U/bbmss/bx/n on input line 35.
)
(/usr/local/texlive/2017/texmf-dist/tex/latex/listings/listings.sty
\lst@mode=\count106
\lst@gtempboxa=\box29
\lst@token=\toks23
\lst@length=\count107
\lst@currlwidth=\dimen130
\lst@column=\count108
\lst@pos=\count109
\lst@lostspace=\dimen131
\lst@width=\dimen132
\lst@newlines=\count110
\lst@lineno=\count111
\lst@maxwidth=\dimen133

(/usr/local/texlive/2017/texmf-dist/tex/latex/listings/lstmisc.sty
File: lstmisc.sty 2015/06/04 1.6 (Carsten Heinz)
\c@lstnumber=\count112
\lst@skipnumbers=\count113
\lst@framebox=\box30
)
(/usr/local/texlive/2017/texmf-dist/tex/latex/listings/listings.cfg
File: listings.cfg 2015/06/04 1.6 listings configuration
))
Package: listings 2015/06/04 1.6 (Carsten Heinz)

(/usr/local/texlive/2017/texmf-dist/tex/latex/setspace/setspace.sty
Package: setspace 2011/12/19 v6.7a set line spacing
)
(/usr/local/texlive/2017/texmf-dist/tex/latex/float/float.sty
Package: float 2001/11/08 v1.3d Float enhancements (AL)
\c@float@type=\count114
\float@exts=\toks24
\float@box=\box31
\@float@everytoks=\toks25
\@floatcapt=\box32
) (./ps3.aux)
\openout1 = `ps3.aux'.

LaTeX Font Info:    Checking defaults for OML/cmm/m/it on input line 94.
LaTeX Font Info:    ... okay on input line 94.
LaTeX Font Info:    Checking defaults for T1/cmr/m/n on input line 94.
LaTeX Font Info:    ... okay on input line 94.
LaTeX Font Info:    Checking defaults for OT1/cmr/m/n on input line 94.
LaTeX Font Info:    ... okay on input line 94.
LaTeX Font Info:    Checking defaults for OMS/cmsy/m/n on input line 94.
LaTeX Font Info:    ... okay on input line 94.
LaTeX Font Info:    Checking defaults for OMX/cmex/m/n on input line 94.
LaTeX Font Info:    ... okay on input line 94.
LaTeX Font Info:    Checking defaults for U/cmr/m/n on input line 94.
LaTeX Font Info:    ... okay on input line 94.

(/usr/local/texlive/2017/texmf-dist/tex/context/base/mkii/supp-pdf.mkii
[Loading MPS to PDF converter (version 2006.09.02).]
\scratchcounter=\count115
\scratchdimen=\dimen134
\scratchbox=\box33
\nofMPsegments=\count116
\nofMParguments=\count117
\everyMPshowfont=\toks26
\MPscratchCnt=\count118
\MPscratchDim=\dimen135
\MPnumerator=\count119
\makeMPintoPDFobject=\count120
\everyMPtoPDFconversion=\toks27
)
Package caption Info: Begin \AtBeginDocument code.
Package caption Info: float package is loaded.
Package caption Info: listings package is loaded.
Package caption Info: End \AtBeginDocument code.
\c@lstlisting=\count121

Underfull \hbox (badness 10000) in paragraph at lines 99--106

 []

(./00-instructions/00-main.tex (./00-instructions/01-general.tex
LaTeX Font Info:    Try loading font information for U+msa on input line 4.

(/usr/local/texlive/2017/texmf-dist/tex/latex/amsfonts/umsa.fd
File: umsa.fd 2013/01/14 v3.01 AMS symbols A
)
LaTeX Font Info:    Try loading font information for U+msb on input line 4.

(/usr/local/texlive/2017/texmf-dist/tex/latex/amsfonts/umsb.fd
File: umsb.fd 2013/01/14 v3.01 AMS symbols B
))
(./00-instructions/02-submission.tex)) (./01-simple_nn/00-main.tex [1
Non-PDF special ignored!{/usr/local/texlive/2017/texmf-var/fonts/map/pdftex/upd
map/pdftex.map}

] <../data/nn_plot.pdf, id=12, 462.52798pt x 346.89601pt>
File: ../data/nn_plot.pdf Graphic file (type pdf)

<use ../data/nn_plot.pdf>
Package pdftex.def Info: ../data/nn_plot.pdf used on input line 7.
(pdftex.def)             Requested size: 231.26341pt x 173.44757pt.

<../data/nn_architecture.pdf, id=13, 963.6pt x 542.025pt>
File: ../data/nn_architecture.pdf Graphic file (type pdf)

<use ../data/nn_architecture.pdf>
Package pdftex.def Info: ../data/nn_architecture.pdf used on input line 15.
(pdftex.def)             Requested size: 120.44768pt x 108.40308pt.
 (./01-simple_nn/01-sigmoid.tex
Underfull \hbox (badness 10000) in paragraph at lines 1--4

 []

[2

 <../data/nn_architecture.pdf> <../data/nn_plot.pdf

pdfTeX warning: pdflatex (file ../data/nn_plot.pdf): PDF inclusion: multiple pd
fs with page group included in a single page
>] (./01-simple_nn/01-sigmoid_sol.tex
Overfull \hbox (39.99901pt too wide) detected at line 32
[] \OT1/cmr/m/n/10 = [] 2(\OML/cmm/m/it/10 o[] \OMS/cmsy/m/n/10 ^^@ \OML/cmm/m/
it/10 y[]\OT1/cmr/m/n/10 )\OML/cmm/m/it/10 o[]\OT1/cmr/m/n/10 (1 \OMS/cmsy/m/n/
10 ^^@ \OML/cmm/m/it/10 o[]\OT1/cmr/m/n/10 )\OML/cmm/m/it/10 ^^[\OT1/cmr/m/n/10
 (\OML/cmm/m/it/10 w[] \OT1/cmr/m/n/10 + \OML/cmm/m/it/10 w[]x[] \OT1/cmr/m/n/1
0 + \OML/cmm/m/it/10 w[]x[]\OT1/cmr/m/n/10 )(1 \OMS/cmsy/m/n/10 ^^@ \OML/cmm/m/
it/10 ^^[\OT1/cmr/m/n/10 (\OML/cmm/m/it/10 w[] \OT1/cmr/m/n/10 + \OML/cmm/m/it/
10 w[]x[] \OT1/cmr/m/n/10 + \OML/cmm/m/it/10 w[]x[]\OT1/cmr/m/n/10 ))\OML/cmm/m
/it/10 w[]x[]
 []

)) (./01-simple_nn/02-step_function.tex [3]
(./01-simple_nn/02-step_function_sol.tex)) (./01-simple_nn/03-linear.tex
[4

] (./01-simple_nn/03-linear_sol.tex))) (./02-kl_divergence/00-main.tex
[5

] [6

] [7] (./02-kl_divergence/01-nonnegative.tex
Underfull \hbox (badness 10000) in paragraph at lines 12--19

 []

(./02-kl_divergence/01-nonnegative_sol.tex))
(./02-kl_divergence/02-chain_rule.tex [8]
Underfull \hbox (badness 10000) in paragraph at lines 18--19

 []

(./02-kl_divergence/02-chain_rule_sol.tex))
(./02-kl_divergence/03-max_likelihood.tex [9

]
(./02-kl_divergence/03-max_likelihood_sol.tex))) (./03-natural_grad/00-main.tex
[10

] (./03-natural_grad/01-exp_score.tex [11

]
(./03-natural_grad/01-exp_score_sol.tex)) (./03-natural_grad/02-cov_score.tex
[12] (./03-natural_grad/02-cov_score_sol.tex))
(./03-natural_grad/03-nhess_score.tex [13

]
(./03-natural_grad/03-nhess_score_sol.tex)) (./03-natural_grad/04-kl_taylor.tex
[14

] (./03-natural_grad/04-kl_taylor_sol.tex
Overfull \hbox (80.7336pt too wide) detected at line 11
[][]
 []

)) (./03-natural_grad/05-lagrange.tex [15

]
LaTeX Font Info:    Try loading font information for OMS+cmr on input line 35.

(/usr/local/texlive/2017/texmf-dist/tex/latex/base/omscmr.fd
File: omscmr.fd 2014/09/29 v2.5h Standard LaTeX font definitions
)
LaTeX Font Info:    Font shape `OMS/cmr/m/n' in size <10> not available
(Font)              Font shape `OMS/cmsy/m/n' tried instead on input line 35.
 [16

]
(./03-natural_grad/05-lagrange_sol.tex)) (./03-natural_grad/06-update_rule.tex
[17] (./03-natural_grad/06-update_rule_sol.tex)))
(./04-semi_supervised_em/00-main.tex [18

]
(./04-semi_supervised_em/01-convergence.tex
(./04-semi_supervised_em/01-convergence-sol.tex [19

])) [20]
(./04-semi_supervised_em/02-e-step.tex
(./04-semi_supervised_em/02-e-step-sol.tex))
(./04-semi_supervised_em/03-m-step.tex [21

]
(./04-semi_supervised_em/03-m-step-sol.tex))
(./04-semi_supervised_em/04-impl-unsupervised.tex [22

]
(./04-semi_supervised_em/04-impl-unsupervised-sol.tex
<pics/p03_pred_0.pdf, id=121, 867.24pt x 578.16pt>
File: pics/p03_pred_0.pdf Graphic file (type pdf)
 <use pics/p03_pred_0.pdf>
Package pdftex.def Info: pics/p03_pred_0.pdf used on input line 7.
(pdftex.def)             Requested size: 292.0877pt x 194.728pt.

<pics/p03_pred_1.pdf, id=122, 867.24pt x 578.16pt>
File: pics/p03_pred_1.pdf Graphic file (type pdf)
 <use pics/p03_pred_1.pdf>
Package pdftex.def Info: pics/p03_pred_1.pdf used on input line 8.
(pdftex.def)             Requested size: 292.0877pt x 194.728pt.

<pics/p03_pred_2.pdf, id=123, 867.24pt x 578.16pt>
File: pics/p03_pred_2.pdf Graphic file (type pdf)
 <use pics/p03_pred_2.pdf>
Package pdftex.def Info: pics/p03_pred_2.pdf used on input line 9.
(pdftex.def)             Requested size: 292.0877pt x 194.728pt.


LaTeX Warning: Float too large for page by 22.049pt on input line 12.

)) (./04-semi_supervised_em/05-impl-semi-supervised.tex [23

] [24 <./pics/p03_pred_0.pdf> <./pics/p03_pred_1.pdf

pdfTeX warning: pdflatex (file ./pics/p03_pred_1.pdf): PDF inclusion: multiple 
pdfs with page group included in a single page
> <./pics/p03_pred_2.pdf

pdfTeX warning: pdflatex (file ./pics/p03_pred_2.pdf): PDF inclusion: multiple 
pdfs with page group included in a single page
>] (./04-semi_supervised_em/05-impl-semi-supervised-sol.tex
<pics/p03_pred_ss_0.pdf, id=224, 867.24pt x 578.16pt>
File: pics/p03_pred_ss_0.pdf Graphic file (type pdf)

<use pics/p03_pred_ss_0.pdf>
Package pdftex.def Info: pics/p03_pred_ss_0.pdf used on input line 6.
(pdftex.def)             Requested size: 292.0877pt x 194.728pt.

<pics/p03_pred_ss_1.pdf, id=225, 867.24pt x 578.16pt>
File: pics/p03_pred_ss_1.pdf Graphic file (type pdf)

<use pics/p03_pred_ss_1.pdf>
Package pdftex.def Info: pics/p03_pred_ss_1.pdf used on input line 7.
(pdftex.def)             Requested size: 292.0877pt x 194.728pt.

<pics/p03_pred_ss_2.pdf, id=226, 867.24pt x 578.16pt>
File: pics/p03_pred_ss_2.pdf Graphic file (type pdf)

<use pics/p03_pred_ss_2.pdf>
Package pdftex.def Info: pics/p03_pred_ss_2.pdf used on input line 8.
(pdftex.def)             Requested size: 292.0877pt x 194.728pt.


LaTeX Warning: Float too large for page by 22.049pt on input line 11.

)) (./04-semi_supervised_em/06-comparison.tex [25

] [26 <./pics/p03_pred_ss_0.pdf> <./pics/p03_pred_ss_1.pdf

pdfTeX warning: pdflatex (file ./pics/p03_pred_ss_1.pdf): PDF inclusion: multip
le pdfs with page group included in a single page
> <./pics/p03_pred_ss_2.pdf

pdfTeX warning: pdflatex (file ./pics/p03_pred_ss_2.pdf): PDF inclusion: multip
le pdfs with page group included in a single page
>] (./04-semi_supervised_em/06-comparison-sol.tex))) (./05-k_means/00-main.tex
[27

] (./05-k_means/01-k_means_impl.tex (./05-k_means/01-k_means_impl_sol.tex
(./files/p05_kmeans.py
LaTeX Font Info:    Font shape `OT1/cmtt/bx/n' in size <8> not available
(Font)              Font shape `OT1/cmtt/m/n' tried instead on input line 1.
 [28

]
Overfull \hbox (21.23917pt too wide) in paragraph at lines 22--23
[][][][][][][][][][][][][][][][][][][][][][][][][][][][][][][][][][][][][][][][
][][][][][][][] 
 []

) <pics/compressed.png, id=342, 413.3844pt x 203.8014pt>
File: pics/compressed.png Graphic file (type png)

<use pics/compressed.png>
Package pdftex.def Info: pics/compressed.png used on input line 10.
(pdftex.def)             Requested size: 292.0877pt x 144.0034pt.
)) (./05-k_means/02-compression_factor.tex [29]
[30 <./pics/compressed.png>] (./05-k_means/02-compression_factor_sol.tex)))
[31

] (./ps3.aux) ) 
Here is how much of TeX's memory you used:
 5836 strings out of 492995
 88406 string characters out of 6132704
 178037 words of memory out of 5000000
 9135 multiletter control sequences out of 15000+600000
 11605 words of font info for 45 fonts, out of 8000000 for 9000
 1141 hyphenation exceptions out of 8191
 42i,14n,43p,876b,1905s stack positions out of 5000i,500n,10000p,200000b,80000s
</usr/local/texlive/2017/texmf-dist/fonts/type1/public/amsfonts/
cm/cmbx10.pfb></usr/local/texlive/2017/texmf-dist/fonts/type1/public/amsfonts/c
m/cmbx7.pfb></usr/local/texlive/2017/texmf-dist/fonts/type1/public/amsfonts/cm/
cmex10.pfb></usr/local/texlive/2017/texmf-dist/fonts/type1/public/amsfonts/cm/c
mmi10.pfb></usr/local/texlive/2017/texmf-dist/fonts/type1/public/amsfonts/cm/cm
mi5.pfb></usr/local/texlive/2017/texmf-dist/fonts/type1/public/amsfonts/cm/cmmi
7.pfb></usr/local/texlive/2017/texmf-dist/fonts/type1/public/amsfonts/cm/cmmi8.
pfb></usr/local/texlive/2017/texmf-dist/fonts/type1/public/amsfonts/cm/cmr10.pf
b></usr/local/texlive/2017/texmf-dist/fonts/type1/public/amsfonts/cm/cmr17.pfb>
</usr/local/texlive/2017/texmf-dist/fonts/type1/public/amsfonts/cm/cmr5.pfb></u
sr/local/texlive/2017/texmf-dist/fonts/type1/public/amsfonts/cm/cmr6.pfb></usr/
local/texlive/2017/texmf-dist/fonts/type1/public/amsfonts/cm/cmr7.pfb></usr/loc
al/texlive/2017/texmf-dist/fonts/type1/public/amsfonts/cm/cmr8.pfb></usr/local/
texlive/2017/texmf-dist/fonts/type1/public/amsfonts/cm/cmsl10.pfb></usr/local/t
exlive/2017/texmf-dist/fonts/type1/public/amsfonts/cm/cmss10.pfb></usr/local/te
xlive/2017/texmf-dist/fonts/type1/public/amsfonts/cm/cmsy10.pfb></usr/local/tex
live/2017/texmf-dist/fonts/type1/public/amsfonts/cm/cmsy5.pfb></usr/local/texli
ve/2017/texmf-dist/fonts/type1/public/amsfonts/cm/cmsy7.pfb></usr/local/texlive
/2017/texmf-dist/fonts/type1/public/amsfonts/cm/cmti10.pfb></usr/local/texlive/
2017/texmf-dist/fonts/type1/public/amsfonts/cm/cmtt10.pfb></usr/local/texlive/2
017/texmf-dist/fonts/type1/public/amsfonts/cm/cmtt8.pfb></usr/local/texlive/201
7/texmf-dist/fonts/type1/public/amsfonts/symbols/msbm10.pfb>
Output written on ps3.pdf (31 pages, 1695641 bytes).
PDF statistics:
 424 PDF objects out of 1000 (max. 8388607)
 182 compressed objects within 2 object streams
 0 named destinations out of 1000 (max. 500000)
 52 words of extra memory for PDF output out of 10000 (max. 10000000)

